2024-04-17T03:15:39.501Z 0: 

----------------------------------------------
2024-04-17T03:15:39.516Z 1: Discord starting: {"releaseChannel":"stable","version":"0.0.49"}, modulepath: /home/drako/.config/discord/0.0.49/modules
2024-04-17T03:15:39.521Z 2: ✅ webContents.created web1 ""
2024-04-17T03:15:39.522Z 3: ✅ window.created win1 "discord"
2024-04-17T03:15:39.816Z 4: ✅ webContents.did-finish-load web1
2024-04-17T03:15:48.271Z 5: before-quit
2024-04-17T03:15:48.312Z 6: window.close win1
2024-04-17T03:16:20.972Z 0: 

----------------------------------------------
2024-04-17T03:16:21.035Z 1: Discord starting: {"releaseChannel":"stable","version":"0.0.49"}, modulepath: /home/drako/.config/discord/0.0.49/modules
2024-04-17T03:16:21.037Z 2: ✅ webContents.created web1 "index.html"
2024-04-17T03:16:21.038Z 3: ✅ window.created win1 "discord"
2024-04-17T03:16:21.230Z 4: ✅ webContents.did-finish-load web1
2024-04-17T03:16:27.931Z 5: window.close win1
2024-04-17T03:16:56.740Z 0: 

----------------------------------------------
2024-04-17T03:16:56.804Z 1: Discord starting: {"releaseChannel":"stable","version":"0.0.49"}, modulepath: /home/drako/.config/discord/0.0.49/modules
2024-04-17T03:16:56.805Z 2: ✅ webContents.created web1 "index.html"
2024-04-17T03:16:56.806Z 3: ✅ window.created win1 "discord"
2024-04-17T03:16:57.002Z 4: ✅ webContents.did-finish-load web1
2024-04-17T03:17:01.387Z 5: before-quit
2024-04-17T03:17:52.182Z 0: 

----------------------------------------------
2024-04-17T03:17:52.257Z 1: Discord starting: {"releaseChannel":"stable","version":"0.0.49"}, modulepath: /home/drako/.config/discord/0.0.49/modules
2024-04-17T03:17:52.258Z 2: ✅ webContents.created web1 "index.html"
2024-04-17T03:17:52.259Z 3: ✅ window.created win1 "discord"
2024-04-17T03:17:52.421Z 4: ✅ webContents.did-finish-load web1
2024-04-17T03:17:56.916Z 5: window.close win1
2024-04-17T03:19:02.997Z 0: 

----------------------------------------------
2024-04-17T03:19:03.050Z 1: Discord starting: {"releaseChannel":"stable","version":"0.0.49"}, modulepath: /home/drako/.config/discord/0.0.49/modules
2024-04-17T03:19:03.051Z 2: ✅ webContents.created web1 "index.html"
2024-04-17T03:19:03.052Z 3: ✅ window.created win1 "discord"
2024-04-17T03:19:03.260Z 4: ✅ webContents.did-finish-load web1
2024-04-17T03:19:07.437Z 5: before-quit
2024-04-17T03:19:18.198Z 0: 

----------------------------------------------
2024-04-17T03:19:18.211Z 1: Discord starting: {"releaseChannel":"stable","version":"0.0.49"}, modulepath: /home/drako/.config/discord/0.0.49/modules
2024-04-17T03:19:18.224Z 2: ✅ webContents.created web1 ""
2024-04-17T03:19:18.226Z 3: ✅ window.created win1 "discord"
2024-04-17T03:19:18.501Z 4: ✅ webContents.did-finish-load web1
2024-04-17T03:19:25.234Z 5: before-quit
2024-04-17T03:23:16.755Z 0: 

----------------------------------------------
2024-04-17T03:23:16.827Z 1: Discord starting: {"releaseChannel":"stable","version":"0.0.49"}, modulepath: /home/drako/.config/discord/0.0.49/modules
2024-04-17T03:23:16.828Z 2: ✅ webContents.created web1 "index.html"
2024-04-17T03:23:16.829Z 3: ✅ window.created win1 "discord"
2024-04-17T03:23:17.012Z 4: ✅ webContents.did-finish-load web1
2024-04-17T03:23:20.729Z 5: before-quit
2024-04-17T03:34:12.838Z 0: 

----------------------------------------------
2024-04-17T03:34:12.903Z 1: Discord starting: {"releaseChannel":"stable","version":"0.0.49"}, modulepath: /home/drako/.config/discord/0.0.49/modules
2024-04-17T03:34:12.905Z 2: ✅ webContents.created web1 "index.html"
2024-04-17T03:34:12.906Z 3: ✅ window.created win1 "discord"
2024-04-17T03:34:13.102Z 4: ✅ webContents.did-finish-load web1
2024-04-17T03:34:15.796Z 5: before-quit
2024-04-17T03:37:18.389Z 0: 

----------------------------------------------
2024-04-17T03:37:18.460Z 1: Discord starting: {"releaseChannel":"stable","version":"0.0.49"}, modulepath: /home/drako/.config/discord/0.0.49/modules
2024-04-17T03:37:18.461Z 2: ✅ webContents.created web1 "index.html"
2024-04-17T03:37:18.462Z 3: ✅ window.created win1 "discord"
2024-04-17T03:37:18.677Z 4: ✅ webContents.did-finish-load web1
2024-04-17T03:37:23.406Z 5: before-quit
2024-04-17T03:44:39.057Z 0: 

----------------------------------------------
2024-04-17T03:44:39.112Z 1: Discord starting: {"releaseChannel":"stable","version":"0.0.49"}, modulepath: /home/drako/.config/discord/0.0.49/modules
2024-04-17T03:44:39.114Z 2: ✅ webContents.created web1 ""
2024-04-17T03:44:39.115Z 3: ✅ window.created win1 "discord"
2024-04-17T03:44:39.340Z 4: ✅ webContents.did-finish-load web1
2024-04-17T03:44:45.576Z 5: before-quit
2024-04-17T03:49:31.499Z 0: 

----------------------------------------------
2024-04-17T03:49:31.510Z 1: Discord starting: {"releaseChannel":"stable","version":"0.0.49"}, modulepath: /home/drako/.config/discord/0.0.49/modules
2024-04-17T03:49:31.520Z 2: ✅ webContents.created web1 ""
2024-04-17T03:49:31.522Z 3: ✅ window.created win1 "discord"
2024-04-17T03:49:31.743Z 4: ✅ webContents.did-finish-load web1
2024-04-17T03:49:35.496Z 5: window.close win1
