2024-02-22T12:42:52.529Z [Modules] Modules initializing
2024-02-22T12:42:52.529Z [Modules] Distribution: remote
2024-02-22T12:42:52.529Z [Modules] Host updates: enabled
2024-02-22T12:42:52.529Z [Modules] Module updates: enabled
2024-02-22T12:42:52.530Z [Modules] Module install path: /home/drako/.config/discord/0.0.43/modules
2024-02-22T12:42:52.530Z [Modules] Module installed file path: /home/drako/.config/discord/0.0.43/modules/installed.json
2024-02-22T12:42:52.530Z [Modules] Module download path: /home/drako/.config/discord/0.0.43/modules/pending
2024-02-22T12:42:52.740Z [Modules] Bootstrapping...
2024-02-22T12:42:52.742Z [Modules] Installing discord_desktop_core@0 from /opt/discord/resources/bootstrap/discord_desktop_core.zip
2024-02-22T12:42:52.747Z [Modules] Failed installing discord_desktop_core@0: Error: ENOENT: no such file or directory, open '/opt/discord/resources/bootstrap/discord_desktop_core.zip'
2024-02-22T12:42:52.749Z [Modules] Installing discord_erlpack@0 from /opt/discord/resources/bootstrap/discord_erlpack.zip
2024-02-22T12:42:52.753Z [Modules] Failed installing discord_erlpack@0: Error: ENOENT: no such file or directory, open '/opt/discord/resources/bootstrap/discord_erlpack.zip'
2024-02-22T12:42:52.753Z [Modules] Installing discord_spellcheck@0 from /opt/discord/resources/bootstrap/discord_spellcheck.zip
2024-02-22T12:42:52.761Z [Modules] Failed installing discord_spellcheck@0: Error: ENOENT: no such file or directory, open '/opt/discord/resources/bootstrap/discord_spellcheck.zip'
2024-02-22T12:42:52.762Z [Modules] Installing discord_utils@0 from /opt/discord/resources/bootstrap/discord_utils.zip
2024-02-22T12:42:52.765Z [Modules] Failed installing discord_utils@0: Error: ENOENT: no such file or directory, open '/opt/discord/resources/bootstrap/discord_utils.zip'
2024-02-22T12:42:52.766Z [Modules] Installing discord_voice@0 from /opt/discord/resources/bootstrap/discord_voice.zip
2024-02-22T12:42:52.768Z [Modules] Failed installing discord_voice@0: Error: ENOENT: no such file or directory, open '/opt/discord/resources/bootstrap/discord_voice.zip'
2024-02-22T12:42:52.769Z [Modules] Finished module installations. [success: 0] [failure: 5]
2024-02-22T12:42:52.770Z [Modules] Checking for host updates.
2024-02-22T12:42:53.119Z [Modules] Host is up to date.
2024-02-22T12:42:53.119Z [Modules] Checking for module updates at https://discord.com/api/modules/stable/versions.json
2024-02-22T12:42:53.142Z [Modules] Module update available: discord_desktop_core@1 [installed: 0]
2024-02-22T12:42:53.142Z [Modules] Module update available: discord_erlpack@1 [installed: 0]
2024-02-22T12:42:53.142Z [Modules] Module update available: discord_spellcheck@1 [installed: 0]
2024-02-22T12:42:53.142Z [Modules] Module update available: discord_utils@1 [installed: 0]
2024-02-22T12:42:53.142Z [Modules] Module update available: discord_voice@1 [installed: 0]
2024-02-22T12:42:53.142Z [Modules] Fetching discord_desktop_core@1 from https://discord.com/api/modules/stable/discord_desktop_core/1
2024-02-22T12:42:53.143Z [Modules] Streaming discord_desktop_core@1 to /home/drako/.config/discord/0.0.43/modules/pending/discord_desktop_core-1.zip
2024-02-22T12:42:53.456Z [Modules] Streaming discord_desktop_core@1 to /home/drako/.config/discord/0.0.43/modules/pending/discord_desktop_core-1.zip: 2%
2024-02-22T12:42:53.459Z [Modules] Streaming discord_desktop_core@1 to /home/drako/.config/discord/0.0.43/modules/pending/discord_desktop_core-1.zip: 5%
2024-02-22T12:42:53.461Z [Modules] Streaming discord_desktop_core@1 to /home/drako/.config/discord/0.0.43/modules/pending/discord_desktop_core-1.zip: 7%
2024-02-22T12:42:53.463Z [Modules] Streaming discord_desktop_core@1 to /home/drako/.config/discord/0.0.43/modules/pending/discord_desktop_core-1.zip: 8%
2024-02-22T12:42:53.464Z [Modules] Streaming discord_desktop_core@1 to /home/drako/.config/discord/0.0.43/modules/pending/discord_desktop_core-1.zip: 11%
2024-02-22T12:42:53.468Z [Modules] Streaming discord_desktop_core@1 to /home/drako/.config/discord/0.0.43/modules/pending/discord_desktop_core-1.zip: 19%
2024-02-22T12:42:53.474Z [Modules] Streaming discord_desktop_core@1 to /home/drako/.config/discord/0.0.43/modules/pending/discord_desktop_core-1.zip: 22%
2024-02-22T12:42:53.476Z [Modules] Streaming discord_desktop_core@1 to /home/drako/.config/discord/0.0.43/modules/pending/discord_desktop_core-1.zip: 27%
2024-02-22T12:42:53.478Z [Modules] Streaming discord_desktop_core@1 to /home/drako/.config/discord/0.0.43/modules/pending/discord_desktop_core-1.zip: 30%
2024-02-22T12:42:53.481Z [Modules] Streaming discord_desktop_core@1 to /home/drako/.config/discord/0.0.43/modules/pending/discord_desktop_core-1.zip: 37%
2024-02-22T12:42:53.484Z [Modules] Streaming discord_desktop_core@1 to /home/drako/.config/discord/0.0.43/modules/pending/discord_desktop_core-1.zip: 54%
2024-02-22T12:42:53.487Z [Modules] Streaming discord_desktop_core@1 to /home/drako/.config/discord/0.0.43/modules/pending/discord_desktop_core-1.zip: 57%
2024-02-22T12:42:53.490Z [Modules] Streaming discord_desktop_core@1 to /home/drako/.config/discord/0.0.43/modules/pending/discord_desktop_core-1.zip: 61%
2024-02-22T12:42:53.501Z [Modules] Streaming discord_desktop_core@1 to /home/drako/.config/discord/0.0.43/modules/pending/discord_desktop_core-1.zip: 64%
2024-02-22T12:42:53.502Z [Modules] Streaming discord_desktop_core@1 to /home/drako/.config/discord/0.0.43/modules/pending/discord_desktop_core-1.zip: 74%
2024-02-22T12:42:53.504Z [Modules] Streaming discord_desktop_core@1 to /home/drako/.config/discord/0.0.43/modules/pending/discord_desktop_core-1.zip: 86%
2024-02-22T12:42:53.505Z [Modules] Streaming discord_desktop_core@1 to /home/drako/.config/discord/0.0.43/modules/pending/discord_desktop_core-1.zip: 95%
2024-02-22T12:42:53.506Z [Modules] Streaming discord_desktop_core@1 to /home/drako/.config/discord/0.0.43/modules/pending/discord_desktop_core-1.zip: 100%
2024-02-22T12:42:53.508Z [Modules] Fetching discord_erlpack@1 from https://discord.com/api/modules/stable/discord_erlpack/1
2024-02-22T12:42:53.508Z [Modules] Streaming discord_erlpack@1 to /home/drako/.config/discord/0.0.43/modules/pending/discord_erlpack-1.zip
2024-02-22T12:42:53.749Z [Modules] Streaming discord_erlpack@1 to /home/drako/.config/discord/0.0.43/modules/pending/discord_erlpack-1.zip: 4%
2024-02-22T12:42:53.760Z [Modules] Streaming discord_erlpack@1 to /home/drako/.config/discord/0.0.43/modules/pending/discord_erlpack-1.zip: 7%
2024-02-22T12:42:53.765Z [Modules] Streaming discord_erlpack@1 to /home/drako/.config/discord/0.0.43/modules/pending/discord_erlpack-1.zip: 22%
2024-02-22T12:42:53.769Z [Modules] Streaming discord_erlpack@1 to /home/drako/.config/discord/0.0.43/modules/pending/discord_erlpack-1.zip: 35%
2024-02-22T12:42:53.774Z [Modules] Streaming discord_erlpack@1 to /home/drako/.config/discord/0.0.43/modules/pending/discord_erlpack-1.zip: 52%
2024-02-22T12:42:53.778Z [Modules] Streaming discord_erlpack@1 to /home/drako/.config/discord/0.0.43/modules/pending/discord_erlpack-1.zip: 75%
2024-02-22T12:42:53.782Z [Modules] Streaming discord_erlpack@1 to /home/drako/.config/discord/0.0.43/modules/pending/discord_erlpack-1.zip: 93%
2024-02-22T12:42:53.788Z [Modules] Streaming discord_erlpack@1 to /home/drako/.config/discord/0.0.43/modules/pending/discord_erlpack-1.zip: 97%
2024-02-22T12:42:53.789Z [Modules] Streaming discord_erlpack@1 to /home/drako/.config/discord/0.0.43/modules/pending/discord_erlpack-1.zip: 100%
2024-02-22T12:42:53.793Z [Modules] Fetching discord_spellcheck@1 from https://discord.com/api/modules/stable/discord_spellcheck/1
2024-02-22T12:42:53.793Z [Modules] Streaming discord_spellcheck@1 to /home/drako/.config/discord/0.0.43/modules/pending/discord_spellcheck-1.zip
2024-02-22T12:42:53.956Z [Modules] Streaming discord_spellcheck@1 to /home/drako/.config/discord/0.0.43/modules/pending/discord_spellcheck-1.zip: 1%
2024-02-22T12:42:53.957Z [Modules] Streaming discord_spellcheck@1 to /home/drako/.config/discord/0.0.43/modules/pending/discord_spellcheck-1.zip: 3%
2024-02-22T12:42:53.960Z [Modules] Streaming discord_spellcheck@1 to /home/drako/.config/discord/0.0.43/modules/pending/discord_spellcheck-1.zip: 4%
2024-02-22T12:42:53.970Z [Modules] Streaming discord_spellcheck@1 to /home/drako/.config/discord/0.0.43/modules/pending/discord_spellcheck-1.zip: 5%
2024-02-22T12:42:53.973Z [Modules] Streaming discord_spellcheck@1 to /home/drako/.config/discord/0.0.43/modules/pending/discord_spellcheck-1.zip: 8%
2024-02-22T12:42:53.974Z [Modules] Streaming discord_spellcheck@1 to /home/drako/.config/discord/0.0.43/modules/pending/discord_spellcheck-1.zip: 10%
2024-02-22T12:42:53.979Z [Modules] Streaming discord_spellcheck@1 to /home/drako/.config/discord/0.0.43/modules/pending/discord_spellcheck-1.zip: 11%
2024-02-22T12:42:53.981Z [Modules] Streaming discord_spellcheck@1 to /home/drako/.config/discord/0.0.43/modules/pending/discord_spellcheck-1.zip: 12%
2024-02-22T12:42:53.983Z [Modules] Streaming discord_spellcheck@1 to /home/drako/.config/discord/0.0.43/modules/pending/discord_spellcheck-1.zip: 13%
2024-02-22T12:42:53.990Z [Modules] Streaming discord_spellcheck@1 to /home/drako/.config/discord/0.0.43/modules/pending/discord_spellcheck-1.zip: 14%
2024-02-22T12:42:53.992Z [Modules] Streaming discord_spellcheck@1 to /home/drako/.config/discord/0.0.43/modules/pending/discord_spellcheck-1.zip: 15%
2024-02-22T12:42:53.993Z [Modules] Streaming discord_spellcheck@1 to /home/drako/.config/discord/0.0.43/modules/pending/discord_spellcheck-1.zip: 16%
2024-02-22T12:42:53.994Z [Modules] Streaming discord_spellcheck@1 to /home/drako/.config/discord/0.0.43/modules/pending/discord_spellcheck-1.zip: 18%
2024-02-22T12:42:53.995Z [Modules] Streaming discord_spellcheck@1 to /home/drako/.config/discord/0.0.43/modules/pending/discord_spellcheck-1.zip: 19%
2024-02-22T12:42:54.002Z [Modules] Streaming discord_spellcheck@1 to /home/drako/.config/discord/0.0.43/modules/pending/discord_spellcheck-1.zip: 20%
2024-02-22T12:42:54.004Z [Modules] Streaming discord_spellcheck@1 to /home/drako/.config/discord/0.0.43/modules/pending/discord_spellcheck-1.zip: 21%
2024-02-22T12:42:54.008Z [Modules] Streaming discord_spellcheck@1 to /home/drako/.config/discord/0.0.43/modules/pending/discord_spellcheck-1.zip: 22%
2024-02-22T12:42:54.019Z [Modules] Streaming discord_spellcheck@1 to /home/drako/.config/discord/0.0.43/modules/pending/discord_spellcheck-1.zip: 23%
2024-02-22T12:42:54.020Z [Modules] Streaming discord_spellcheck@1 to /home/drako/.config/discord/0.0.43/modules/pending/discord_spellcheck-1.zip: 26%
2024-02-22T12:42:54.021Z [Modules] Streaming discord_spellcheck@1 to /home/drako/.config/discord/0.0.43/modules/pending/discord_spellcheck-1.zip: 28%
2024-02-22T12:42:54.025Z [Modules] Streaming discord_spellcheck@1 to /home/drako/.config/discord/0.0.43/modules/pending/discord_spellcheck-1.zip: 29%
2024-02-22T12:42:54.026Z [Modules] Streaming discord_spellcheck@1 to /home/drako/.config/discord/0.0.43/modules/pending/discord_spellcheck-1.zip: 33%
2024-02-22T12:42:54.035Z [Modules] Streaming discord_spellcheck@1 to /home/drako/.config/discord/0.0.43/modules/pending/discord_spellcheck-1.zip: 34%
2024-02-22T12:42:54.036Z [Modules] Streaming discord_spellcheck@1 to /home/drako/.config/discord/0.0.43/modules/pending/discord_spellcheck-1.zip: 35%
2024-02-22T12:42:54.040Z [Modules] Streaming discord_spellcheck@1 to /home/drako/.config/discord/0.0.43/modules/pending/discord_spellcheck-1.zip: 36%
2024-02-22T12:42:54.042Z [Modules] Streaming discord_spellcheck@1 to /home/drako/.config/discord/0.0.43/modules/pending/discord_spellcheck-1.zip: 37%
2024-02-22T12:42:54.044Z [Modules] Streaming discord_spellcheck@1 to /home/drako/.config/discord/0.0.43/modules/pending/discord_spellcheck-1.zip: 38%
2024-02-22T12:42:54.046Z [Modules] Streaming discord_spellcheck@1 to /home/drako/.config/discord/0.0.43/modules/pending/discord_spellcheck-1.zip: 40%
2024-02-22T12:42:54.047Z [Modules] Streaming discord_spellcheck@1 to /home/drako/.config/discord/0.0.43/modules/pending/discord_spellcheck-1.zip: 41%
2024-02-22T12:42:54.048Z [Modules] Streaming discord_spellcheck@1 to /home/drako/.config/discord/0.0.43/modules/pending/discord_spellcheck-1.zip: 45%
2024-02-22T12:42:54.056Z [Modules] Streaming discord_spellcheck@1 to /home/drako/.config/discord/0.0.43/modules/pending/discord_spellcheck-1.zip: 46%
2024-02-22T12:42:54.057Z [Modules] Streaming discord_spellcheck@1 to /home/drako/.config/discord/0.0.43/modules/pending/discord_spellcheck-1.zip: 48%
2024-02-22T12:42:54.060Z [Modules] Streaming discord_spellcheck@1 to /home/drako/.config/discord/0.0.43/modules/pending/discord_spellcheck-1.zip: 49%
2024-02-22T12:42:54.064Z [Modules] Streaming discord_spellcheck@1 to /home/drako/.config/discord/0.0.43/modules/pending/discord_spellcheck-1.zip: 50%
2024-02-22T12:42:54.065Z [Modules] Streaming discord_spellcheck@1 to /home/drako/.config/discord/0.0.43/modules/pending/discord_spellcheck-1.zip: 51%
2024-02-22T12:42:54.069Z [Modules] Streaming discord_spellcheck@1 to /home/drako/.config/discord/0.0.43/modules/pending/discord_spellcheck-1.zip: 52%
2024-02-22T12:42:54.070Z [Modules] Streaming discord_spellcheck@1 to /home/drako/.config/discord/0.0.43/modules/pending/discord_spellcheck-1.zip: 54%
2024-02-22T12:42:54.076Z [Modules] Streaming discord_spellcheck@1 to /home/drako/.config/discord/0.0.43/modules/pending/discord_spellcheck-1.zip: 55%
2024-02-22T12:42:54.079Z [Modules] Streaming discord_spellcheck@1 to /home/drako/.config/discord/0.0.43/modules/pending/discord_spellcheck-1.zip: 56%
2024-02-22T12:42:54.081Z [Modules] Streaming discord_spellcheck@1 to /home/drako/.config/discord/0.0.43/modules/pending/discord_spellcheck-1.zip: 57%
2024-02-22T12:42:54.082Z [Modules] Streaming discord_spellcheck@1 to /home/drako/.config/discord/0.0.43/modules/pending/discord_spellcheck-1.zip: 59%
2024-02-22T12:42:54.083Z [Modules] Streaming discord_spellcheck@1 to /home/drako/.config/discord/0.0.43/modules/pending/discord_spellcheck-1.zip: 60%
2024-02-22T12:42:54.091Z [Modules] Streaming discord_spellcheck@1 to /home/drako/.config/discord/0.0.43/modules/pending/discord_spellcheck-1.zip: 61%
2024-02-22T12:42:54.092Z [Modules] Streaming discord_spellcheck@1 to /home/drako/.config/discord/0.0.43/modules/pending/discord_spellcheck-1.zip: 62%
2024-02-22T12:42:54.093Z [Modules] Streaming discord_spellcheck@1 to /home/drako/.config/discord/0.0.43/modules/pending/discord_spellcheck-1.zip: 63%
2024-02-22T12:42:54.096Z [Modules] Streaming discord_spellcheck@1 to /home/drako/.config/discord/0.0.43/modules/pending/discord_spellcheck-1.zip: 64%
2024-02-22T12:42:54.099Z [Modules] Streaming discord_spellcheck@1 to /home/drako/.config/discord/0.0.43/modules/pending/discord_spellcheck-1.zip: 65%
2024-02-22T12:42:54.101Z [Modules] Streaming discord_spellcheck@1 to /home/drako/.config/discord/0.0.43/modules/pending/discord_spellcheck-1.zip: 68%
2024-02-22T12:42:54.113Z [Modules] Streaming discord_spellcheck@1 to /home/drako/.config/discord/0.0.43/modules/pending/discord_spellcheck-1.zip: 69%
2024-02-22T12:42:54.115Z [Modules] Streaming discord_spellcheck@1 to /home/drako/.config/discord/0.0.43/modules/pending/discord_spellcheck-1.zip: 72%
2024-02-22T12:42:54.118Z [Modules] Streaming discord_spellcheck@1 to /home/drako/.config/discord/0.0.43/modules/pending/discord_spellcheck-1.zip: 73%
2024-02-22T12:42:54.120Z [Modules] Streaming discord_spellcheck@1 to /home/drako/.config/discord/0.0.43/modules/pending/discord_spellcheck-1.zip: 76%
2024-02-22T12:42:54.122Z [Modules] Streaming discord_spellcheck@1 to /home/drako/.config/discord/0.0.43/modules/pending/discord_spellcheck-1.zip: 77%
2024-02-22T12:42:54.125Z [Modules] Streaming discord_spellcheck@1 to /home/drako/.config/discord/0.0.43/modules/pending/discord_spellcheck-1.zip: 78%
2024-02-22T12:42:54.127Z [Modules] Streaming discord_spellcheck@1 to /home/drako/.config/discord/0.0.43/modules/pending/discord_spellcheck-1.zip: 79%
2024-02-22T12:42:54.129Z [Modules] Streaming discord_spellcheck@1 to /home/drako/.config/discord/0.0.43/modules/pending/discord_spellcheck-1.zip: 80%
2024-02-22T12:42:54.131Z [Modules] Streaming discord_spellcheck@1 to /home/drako/.config/discord/0.0.43/modules/pending/discord_spellcheck-1.zip: 81%
2024-02-22T12:42:54.140Z [Modules] Streaming discord_spellcheck@1 to /home/drako/.config/discord/0.0.43/modules/pending/discord_spellcheck-1.zip: 82%
2024-02-22T12:42:54.141Z [Modules] Streaming discord_spellcheck@1 to /home/drako/.config/discord/0.0.43/modules/pending/discord_spellcheck-1.zip: 85%
2024-02-22T12:42:54.145Z [Modules] Streaming discord_spellcheck@1 to /home/drako/.config/discord/0.0.43/modules/pending/discord_spellcheck-1.zip: 86%
2024-02-22T12:42:54.146Z [Modules] Streaming discord_spellcheck@1 to /home/drako/.config/discord/0.0.43/modules/pending/discord_spellcheck-1.zip: 87%
2024-02-22T12:42:54.148Z [Modules] Streaming discord_spellcheck@1 to /home/drako/.config/discord/0.0.43/modules/pending/discord_spellcheck-1.zip: 88%
2024-02-22T12:42:54.152Z [Modules] Streaming discord_spellcheck@1 to /home/drako/.config/discord/0.0.43/modules/pending/discord_spellcheck-1.zip: 89%
2024-02-22T12:42:54.153Z [Modules] Streaming discord_spellcheck@1 to /home/drako/.config/discord/0.0.43/modules/pending/discord_spellcheck-1.zip: 90%
2024-02-22T12:42:54.157Z [Modules] Streaming discord_spellcheck@1 to /home/drako/.config/discord/0.0.43/modules/pending/discord_spellcheck-1.zip: 91%
2024-02-22T12:42:54.159Z [Modules] Streaming discord_spellcheck@1 to /home/drako/.config/discord/0.0.43/modules/pending/discord_spellcheck-1.zip: 92%
2024-02-22T12:42:54.161Z [Modules] Streaming discord_spellcheck@1 to /home/drako/.config/discord/0.0.43/modules/pending/discord_spellcheck-1.zip: 93%
2024-02-22T12:42:54.162Z [Modules] Streaming discord_spellcheck@1 to /home/drako/.config/discord/0.0.43/modules/pending/discord_spellcheck-1.zip: 94%
2024-02-22T12:42:54.166Z [Modules] Streaming discord_spellcheck@1 to /home/drako/.config/discord/0.0.43/modules/pending/discord_spellcheck-1.zip: 95%
2024-02-22T12:42:54.168Z [Modules] Streaming discord_spellcheck@1 to /home/drako/.config/discord/0.0.43/modules/pending/discord_spellcheck-1.zip: 96%
2024-02-22T12:42:54.170Z [Modules] Streaming discord_spellcheck@1 to /home/drako/.config/discord/0.0.43/modules/pending/discord_spellcheck-1.zip: 97%
2024-02-22T12:42:54.177Z [Modules] Streaming discord_spellcheck@1 to /home/drako/.config/discord/0.0.43/modules/pending/discord_spellcheck-1.zip: 98%
2024-02-22T12:42:54.178Z [Modules] Streaming discord_spellcheck@1 to /home/drako/.config/discord/0.0.43/modules/pending/discord_spellcheck-1.zip: 100%
2024-02-22T12:42:54.181Z [Modules] Fetching discord_utils@1 from https://discord.com/api/modules/stable/discord_utils/1
2024-02-22T12:42:54.181Z [Modules] Streaming discord_utils@1 to /home/drako/.config/discord/0.0.43/modules/pending/discord_utils-1.zip
2024-02-22T12:42:54.311Z [Modules] Streaming discord_utils@1 to /home/drako/.config/discord/0.0.43/modules/pending/discord_utils-1.zip: 2%
2024-02-22T12:42:54.312Z [Modules] Streaming discord_utils@1 to /home/drako/.config/discord/0.0.43/modules/pending/discord_utils-1.zip: 6%
2024-02-22T12:42:54.314Z [Modules] Streaming discord_utils@1 to /home/drako/.config/discord/0.0.43/modules/pending/discord_utils-1.zip: 9%
2024-02-22T12:42:54.316Z [Modules] Streaming discord_utils@1 to /home/drako/.config/discord/0.0.43/modules/pending/discord_utils-1.zip: 11%
2024-02-22T12:42:54.319Z [Modules] Streaming discord_utils@1 to /home/drako/.config/discord/0.0.43/modules/pending/discord_utils-1.zip: 12%
2024-02-22T12:42:54.327Z [Modules] Streaming discord_utils@1 to /home/drako/.config/discord/0.0.43/modules/pending/discord_utils-1.zip: 14%
2024-02-22T12:42:54.332Z [Modules] Streaming discord_utils@1 to /home/drako/.config/discord/0.0.43/modules/pending/discord_utils-1.zip: 25%
2024-02-22T12:42:54.335Z [Modules] Streaming discord_utils@1 to /home/drako/.config/discord/0.0.43/modules/pending/discord_utils-1.zip: 33%
2024-02-22T12:42:54.338Z [Modules] Streaming discord_utils@1 to /home/drako/.config/discord/0.0.43/modules/pending/discord_utils-1.zip: 40%
2024-02-22T12:42:54.340Z [Modules] Streaming discord_utils@1 to /home/drako/.config/discord/0.0.43/modules/pending/discord_utils-1.zip: 45%
2024-02-22T12:42:54.341Z [Modules] Streaming discord_utils@1 to /home/drako/.config/discord/0.0.43/modules/pending/discord_utils-1.zip: 46%
2024-02-22T12:42:54.352Z [Modules] Streaming discord_utils@1 to /home/drako/.config/discord/0.0.43/modules/pending/discord_utils-1.zip: 48%
2024-02-22T12:42:54.354Z [Modules] Streaming discord_utils@1 to /home/drako/.config/discord/0.0.43/modules/pending/discord_utils-1.zip: 54%
2024-02-22T12:42:54.356Z [Modules] Streaming discord_utils@1 to /home/drako/.config/discord/0.0.43/modules/pending/discord_utils-1.zip: 56%
2024-02-22T12:42:54.357Z [Modules] Streaming discord_utils@1 to /home/drako/.config/discord/0.0.43/modules/pending/discord_utils-1.zip: 64%
2024-02-22T12:42:54.358Z [Modules] Streaming discord_utils@1 to /home/drako/.config/discord/0.0.43/modules/pending/discord_utils-1.zip: 67%
2024-02-22T12:42:54.360Z [Modules] Streaming discord_utils@1 to /home/drako/.config/discord/0.0.43/modules/pending/discord_utils-1.zip: 69%
2024-02-22T12:42:54.363Z [Modules] Streaming discord_utils@1 to /home/drako/.config/discord/0.0.43/modules/pending/discord_utils-1.zip: 70%
2024-02-22T12:42:54.364Z [Modules] Streaming discord_utils@1 to /home/drako/.config/discord/0.0.43/modules/pending/discord_utils-1.zip: 72%
2024-02-22T12:42:54.365Z [Modules] Streaming discord_utils@1 to /home/drako/.config/discord/0.0.43/modules/pending/discord_utils-1.zip: 73%
2024-02-22T12:42:54.366Z [Modules] Streaming discord_utils@1 to /home/drako/.config/discord/0.0.43/modules/pending/discord_utils-1.zip: 75%
2024-02-22T12:42:54.367Z [Modules] Streaming discord_utils@1 to /home/drako/.config/discord/0.0.43/modules/pending/discord_utils-1.zip: 76%
2024-02-22T12:42:54.368Z [Modules] Streaming discord_utils@1 to /home/drako/.config/discord/0.0.43/modules/pending/discord_utils-1.zip: 78%
2024-02-22T12:42:54.370Z [Modules] Streaming discord_utils@1 to /home/drako/.config/discord/0.0.43/modules/pending/discord_utils-1.zip: 81%
2024-02-22T12:42:54.379Z [Modules] Streaming discord_utils@1 to /home/drako/.config/discord/0.0.43/modules/pending/discord_utils-1.zip: 83%
2024-02-22T12:42:54.381Z [Modules] Streaming discord_utils@1 to /home/drako/.config/discord/0.0.43/modules/pending/discord_utils-1.zip: 94%
2024-02-22T12:42:54.382Z [Modules] Streaming discord_utils@1 to /home/drako/.config/discord/0.0.43/modules/pending/discord_utils-1.zip: 96%
2024-02-22T12:42:54.383Z [Modules] Streaming discord_utils@1 to /home/drako/.config/discord/0.0.43/modules/pending/discord_utils-1.zip: 98%
2024-02-22T12:42:54.384Z [Modules] Streaming discord_utils@1 to /home/drako/.config/discord/0.0.43/modules/pending/discord_utils-1.zip: 100%
2024-02-22T12:42:54.387Z [Modules] Fetching discord_voice@1 from https://discord.com/api/modules/stable/discord_voice/1
2024-02-22T12:42:54.387Z [Modules] Streaming discord_voice@1 to /home/drako/.config/discord/0.0.43/modules/pending/discord_voice-1.zip
2024-02-22T12:42:54.513Z [Modules] Streaming discord_voice@1 to /home/drako/.config/discord/0.0.43/modules/pending/discord_voice-1.zip: 1%
2024-02-22T12:42:54.516Z [Modules] Streaming discord_voice@1 to /home/drako/.config/discord/0.0.43/modules/pending/discord_voice-1.zip: 2%
2024-02-22T12:42:54.520Z [Modules] Streaming discord_voice@1 to /home/drako/.config/discord/0.0.43/modules/pending/discord_voice-1.zip: 3%
2024-02-22T12:42:54.523Z [Modules] Streaming discord_voice@1 to /home/drako/.config/discord/0.0.43/modules/pending/discord_voice-1.zip: 4%
2024-02-22T12:42:54.529Z [Modules] Streaming discord_voice@1 to /home/drako/.config/discord/0.0.43/modules/pending/discord_voice-1.zip: 5%
2024-02-22T12:42:54.536Z [Modules] Streaming discord_voice@1 to /home/drako/.config/discord/0.0.43/modules/pending/discord_voice-1.zip: 6%
2024-02-22T12:42:54.541Z [Modules] Streaming discord_voice@1 to /home/drako/.config/discord/0.0.43/modules/pending/discord_voice-1.zip: 7%
2024-02-22T12:42:54.547Z [Modules] Streaming discord_voice@1 to /home/drako/.config/discord/0.0.43/modules/pending/discord_voice-1.zip: 8%
2024-02-22T12:42:54.561Z [Modules] Streaming discord_voice@1 to /home/drako/.config/discord/0.0.43/modules/pending/discord_voice-1.zip: 9%
2024-02-22T12:42:54.564Z [Modules] Streaming discord_voice@1 to /home/drako/.config/discord/0.0.43/modules/pending/discord_voice-1.zip: 10%
2024-02-22T12:42:54.573Z [Modules] Streaming discord_voice@1 to /home/drako/.config/discord/0.0.43/modules/pending/discord_voice-1.zip: 11%
2024-02-22T12:42:54.574Z [Modules] Streaming discord_voice@1 to /home/drako/.config/discord/0.0.43/modules/pending/discord_voice-1.zip: 12%
2024-02-22T12:42:54.576Z [Modules] Streaming discord_voice@1 to /home/drako/.config/discord/0.0.43/modules/pending/discord_voice-1.zip: 13%
2024-02-22T12:42:54.584Z [Modules] Streaming discord_voice@1 to /home/drako/.config/discord/0.0.43/modules/pending/discord_voice-1.zip: 14%
2024-02-22T12:42:54.599Z [Modules] Streaming discord_voice@1 to /home/drako/.config/discord/0.0.43/modules/pending/discord_voice-1.zip: 15%
2024-02-22T12:42:54.602Z [Modules] Streaming discord_voice@1 to /home/drako/.config/discord/0.0.43/modules/pending/discord_voice-1.zip: 16%
2024-02-22T12:42:54.603Z [Modules] Streaming discord_voice@1 to /home/drako/.config/discord/0.0.43/modules/pending/discord_voice-1.zip: 17%
2024-02-22T12:42:54.607Z [Modules] Streaming discord_voice@1 to /home/drako/.config/discord/0.0.43/modules/pending/discord_voice-1.zip: 18%
2024-02-22T12:42:54.615Z [Modules] Streaming discord_voice@1 to /home/drako/.config/discord/0.0.43/modules/pending/discord_voice-1.zip: 19%
2024-02-22T12:42:54.621Z [Modules] Streaming discord_voice@1 to /home/drako/.config/discord/0.0.43/modules/pending/discord_voice-1.zip: 20%
2024-02-22T12:42:54.633Z [Modules] Streaming discord_voice@1 to /home/drako/.config/discord/0.0.43/modules/pending/discord_voice-1.zip: 21%
2024-02-22T12:42:54.634Z [Modules] Streaming discord_voice@1 to /home/drako/.config/discord/0.0.43/modules/pending/discord_voice-1.zip: 22%
2024-02-22T12:42:54.637Z [Modules] Streaming discord_voice@1 to /home/drako/.config/discord/0.0.43/modules/pending/discord_voice-1.zip: 23%
2024-02-22T12:42:54.645Z [Modules] Streaming discord_voice@1 to /home/drako/.config/discord/0.0.43/modules/pending/discord_voice-1.zip: 24%
2024-02-22T12:42:54.652Z [Modules] Streaming discord_voice@1 to /home/drako/.config/discord/0.0.43/modules/pending/discord_voice-1.zip: 25%
2024-02-22T12:42:54.656Z [Modules] Streaming discord_voice@1 to /home/drako/.config/discord/0.0.43/modules/pending/discord_voice-1.zip: 26%
2024-02-22T12:42:54.662Z [Modules] Streaming discord_voice@1 to /home/drako/.config/discord/0.0.43/modules/pending/discord_voice-1.zip: 27%
2024-02-22T12:42:54.666Z [Modules] Streaming discord_voice@1 to /home/drako/.config/discord/0.0.43/modules/pending/discord_voice-1.zip: 28%
2024-02-22T12:42:54.672Z [Modules] Streaming discord_voice@1 to /home/drako/.config/discord/0.0.43/modules/pending/discord_voice-1.zip: 29%
2024-02-22T12:42:54.677Z [Modules] Streaming discord_voice@1 to /home/drako/.config/discord/0.0.43/modules/pending/discord_voice-1.zip: 30%
2024-02-22T12:42:54.682Z [Modules] Streaming discord_voice@1 to /home/drako/.config/discord/0.0.43/modules/pending/discord_voice-1.zip: 31%
2024-02-22T12:42:54.696Z [Modules] Streaming discord_voice@1 to /home/drako/.config/discord/0.0.43/modules/pending/discord_voice-1.zip: 32%
2024-02-22T12:42:54.697Z [Modules] Streaming discord_voice@1 to /home/drako/.config/discord/0.0.43/modules/pending/discord_voice-1.zip: 33%
2024-02-22T12:42:54.703Z [Modules] Streaming discord_voice@1 to /home/drako/.config/discord/0.0.43/modules/pending/discord_voice-1.zip: 34%
2024-02-22T12:42:54.717Z [Modules] Streaming discord_voice@1 to /home/drako/.config/discord/0.0.43/modules/pending/discord_voice-1.zip: 35%
2024-02-22T12:42:54.718Z [Modules] Streaming discord_voice@1 to /home/drako/.config/discord/0.0.43/modules/pending/discord_voice-1.zip: 36%
2024-02-22T12:42:54.723Z [Modules] Streaming discord_voice@1 to /home/drako/.config/discord/0.0.43/modules/pending/discord_voice-1.zip: 37%
2024-02-22T12:42:54.739Z [Modules] Streaming discord_voice@1 to /home/drako/.config/discord/0.0.43/modules/pending/discord_voice-1.zip: 38%
2024-02-22T12:42:54.744Z [Modules] Streaming discord_voice@1 to /home/drako/.config/discord/0.0.43/modules/pending/discord_voice-1.zip: 39%
2024-02-22T12:42:54.746Z [Modules] Streaming discord_voice@1 to /home/drako/.config/discord/0.0.43/modules/pending/discord_voice-1.zip: 40%
2024-02-22T12:42:54.754Z [Modules] Streaming discord_voice@1 to /home/drako/.config/discord/0.0.43/modules/pending/discord_voice-1.zip: 41%
2024-02-22T12:42:54.757Z [Modules] Streaming discord_voice@1 to /home/drako/.config/discord/0.0.43/modules/pending/discord_voice-1.zip: 42%
2024-02-22T12:42:54.760Z [Modules] Streaming discord_voice@1 to /home/drako/.config/discord/0.0.43/modules/pending/discord_voice-1.zip: 43%
2024-02-22T12:42:54.773Z [Modules] Streaming discord_voice@1 to /home/drako/.config/discord/0.0.43/modules/pending/discord_voice-1.zip: 44%
2024-02-22T12:42:54.780Z [Modules] Streaming discord_voice@1 to /home/drako/.config/discord/0.0.43/modules/pending/discord_voice-1.zip: 45%
2024-02-22T12:42:54.781Z [Modules] Streaming discord_voice@1 to /home/drako/.config/discord/0.0.43/modules/pending/discord_voice-1.zip: 46%
2024-02-22T12:42:54.782Z [Modules] Streaming discord_voice@1 to /home/drako/.config/discord/0.0.43/modules/pending/discord_voice-1.zip: 47%
2024-02-22T12:42:54.789Z [Modules] Streaming discord_voice@1 to /home/drako/.config/discord/0.0.43/modules/pending/discord_voice-1.zip: 48%
2024-02-22T12:42:54.797Z [Modules] Streaming discord_voice@1 to /home/drako/.config/discord/0.0.43/modules/pending/discord_voice-1.zip: 49%
2024-02-22T12:42:54.798Z [Modules] Streaming discord_voice@1 to /home/drako/.config/discord/0.0.43/modules/pending/discord_voice-1.zip: 50%
2024-02-22T12:42:54.811Z [Modules] Streaming discord_voice@1 to /home/drako/.config/discord/0.0.43/modules/pending/discord_voice-1.zip: 51%
2024-02-22T12:42:54.812Z [Modules] Streaming discord_voice@1 to /home/drako/.config/discord/0.0.43/modules/pending/discord_voice-1.zip: 52%
2024-02-22T12:42:54.815Z [Modules] Streaming discord_voice@1 to /home/drako/.config/discord/0.0.43/modules/pending/discord_voice-1.zip: 53%
2024-02-22T12:42:54.822Z [Modules] Streaming discord_voice@1 to /home/drako/.config/discord/0.0.43/modules/pending/discord_voice-1.zip: 54%
2024-02-22T12:42:54.829Z [Modules] Streaming discord_voice@1 to /home/drako/.config/discord/0.0.43/modules/pending/discord_voice-1.zip: 55%
2024-02-22T12:42:54.834Z [Modules] Streaming discord_voice@1 to /home/drako/.config/discord/0.0.43/modules/pending/discord_voice-1.zip: 56%
2024-02-22T12:42:54.842Z [Modules] Streaming discord_voice@1 to /home/drako/.config/discord/0.0.43/modules/pending/discord_voice-1.zip: 57%
2024-02-22T12:42:54.848Z [Modules] Streaming discord_voice@1 to /home/drako/.config/discord/0.0.43/modules/pending/discord_voice-1.zip: 58%
2024-02-22T12:42:54.856Z [Modules] Streaming discord_voice@1 to /home/drako/.config/discord/0.0.43/modules/pending/discord_voice-1.zip: 59%
2024-02-22T12:42:54.862Z [Modules] Streaming discord_voice@1 to /home/drako/.config/discord/0.0.43/modules/pending/discord_voice-1.zip: 60%
2024-02-22T12:42:54.875Z [Modules] Streaming discord_voice@1 to /home/drako/.config/discord/0.0.43/modules/pending/discord_voice-1.zip: 61%
2024-02-22T12:42:54.878Z [Modules] Streaming discord_voice@1 to /home/drako/.config/discord/0.0.43/modules/pending/discord_voice-1.zip: 62%
2024-02-22T12:42:54.880Z [Modules] Streaming discord_voice@1 to /home/drako/.config/discord/0.0.43/modules/pending/discord_voice-1.zip: 63%
2024-02-22T12:42:54.887Z [Modules] Streaming discord_voice@1 to /home/drako/.config/discord/0.0.43/modules/pending/discord_voice-1.zip: 64%
2024-02-22T12:42:54.895Z [Modules] Streaming discord_voice@1 to /home/drako/.config/discord/0.0.43/modules/pending/discord_voice-1.zip: 65%
2024-02-22T12:42:54.904Z [Modules] Streaming discord_voice@1 to /home/drako/.config/discord/0.0.43/modules/pending/discord_voice-1.zip: 66%
2024-02-22T12:42:54.907Z [Modules] Streaming discord_voice@1 to /home/drako/.config/discord/0.0.43/modules/pending/discord_voice-1.zip: 67%
2024-02-22T12:42:54.917Z [Modules] Streaming discord_voice@1 to /home/drako/.config/discord/0.0.43/modules/pending/discord_voice-1.zip: 68%
2024-02-22T12:42:54.920Z [Modules] Streaming discord_voice@1 to /home/drako/.config/discord/0.0.43/modules/pending/discord_voice-1.zip: 69%
2024-02-22T12:42:54.924Z [Modules] Streaming discord_voice@1 to /home/drako/.config/discord/0.0.43/modules/pending/discord_voice-1.zip: 70%
2024-02-22T12:42:54.932Z [Modules] Streaming discord_voice@1 to /home/drako/.config/discord/0.0.43/modules/pending/discord_voice-1.zip: 71%
2024-02-22T12:42:54.945Z [Modules] Streaming discord_voice@1 to /home/drako/.config/discord/0.0.43/modules/pending/discord_voice-1.zip: 72%
2024-02-22T12:42:54.948Z [Modules] Streaming discord_voice@1 to /home/drako/.config/discord/0.0.43/modules/pending/discord_voice-1.zip: 73%
2024-02-22T12:42:54.951Z [Modules] Streaming discord_voice@1 to /home/drako/.config/discord/0.0.43/modules/pending/discord_voice-1.zip: 74%
2024-02-22T12:42:54.958Z [Modules] Streaming discord_voice@1 to /home/drako/.config/discord/0.0.43/modules/pending/discord_voice-1.zip: 75%
2024-02-22T12:42:54.965Z [Modules] Streaming discord_voice@1 to /home/drako/.config/discord/0.0.43/modules/pending/discord_voice-1.zip: 76%
2024-02-22T12:42:54.972Z [Modules] Streaming discord_voice@1 to /home/drako/.config/discord/0.0.43/modules/pending/discord_voice-1.zip: 77%
2024-02-22T12:42:54.977Z [Modules] Streaming discord_voice@1 to /home/drako/.config/discord/0.0.43/modules/pending/discord_voice-1.zip: 78%
2024-02-22T12:42:54.984Z [Modules] Streaming discord_voice@1 to /home/drako/.config/discord/0.0.43/modules/pending/discord_voice-1.zip: 79%
2024-02-22T12:42:54.993Z [Modules] Streaming discord_voice@1 to /home/drako/.config/discord/0.0.43/modules/pending/discord_voice-1.zip: 80%
2024-02-22T12:42:55.005Z [Modules] Streaming discord_voice@1 to /home/drako/.config/discord/0.0.43/modules/pending/discord_voice-1.zip: 81%
2024-02-22T12:42:55.006Z [Modules] Streaming discord_voice@1 to /home/drako/.config/discord/0.0.43/modules/pending/discord_voice-1.zip: 82%
2024-02-22T12:42:55.017Z [Modules] Streaming discord_voice@1 to /home/drako/.config/discord/0.0.43/modules/pending/discord_voice-1.zip: 83%
2024-02-22T12:42:55.018Z [Modules] Streaming discord_voice@1 to /home/drako/.config/discord/0.0.43/modules/pending/discord_voice-1.zip: 84%
2024-02-22T12:42:55.025Z [Modules] Streaming discord_voice@1 to /home/drako/.config/discord/0.0.43/modules/pending/discord_voice-1.zip: 85%
2024-02-22T12:42:55.028Z [Modules] Streaming discord_voice@1 to /home/drako/.config/discord/0.0.43/modules/pending/discord_voice-1.zip: 86%
2024-02-22T12:42:55.042Z [Modules] Streaming discord_voice@1 to /home/drako/.config/discord/0.0.43/modules/pending/discord_voice-1.zip: 87%
2024-02-22T12:42:55.043Z [Modules] Streaming discord_voice@1 to /home/drako/.config/discord/0.0.43/modules/pending/discord_voice-1.zip: 88%
2024-02-22T12:42:55.052Z [Modules] Streaming discord_voice@1 to /home/drako/.config/discord/0.0.43/modules/pending/discord_voice-1.zip: 89%
2024-02-22T12:42:55.058Z [Modules] Streaming discord_voice@1 to /home/drako/.config/discord/0.0.43/modules/pending/discord_voice-1.zip: 90%
2024-02-22T12:42:55.067Z [Modules] Streaming discord_voice@1 to /home/drako/.config/discord/0.0.43/modules/pending/discord_voice-1.zip: 91%
2024-02-22T12:42:55.075Z [Modules] Streaming discord_voice@1 to /home/drako/.config/discord/0.0.43/modules/pending/discord_voice-1.zip: 92%
2024-02-22T12:42:55.076Z [Modules] Streaming discord_voice@1 to /home/drako/.config/discord/0.0.43/modules/pending/discord_voice-1.zip: 93%
2024-02-22T12:42:55.080Z [Modules] Streaming discord_voice@1 to /home/drako/.config/discord/0.0.43/modules/pending/discord_voice-1.zip: 94%
2024-02-22T12:42:55.088Z [Modules] Streaming discord_voice@1 to /home/drako/.config/discord/0.0.43/modules/pending/discord_voice-1.zip: 95%
2024-02-22T12:42:55.094Z [Modules] Streaming discord_voice@1 to /home/drako/.config/discord/0.0.43/modules/pending/discord_voice-1.zip: 96%
2024-02-22T12:42:55.100Z [Modules] Streaming discord_voice@1 to /home/drako/.config/discord/0.0.43/modules/pending/discord_voice-1.zip: 97%
2024-02-22T12:42:55.106Z [Modules] Streaming discord_voice@1 to /home/drako/.config/discord/0.0.43/modules/pending/discord_voice-1.zip: 98%
2024-02-22T12:42:55.113Z [Modules] Streaming discord_voice@1 to /home/drako/.config/discord/0.0.43/modules/pending/discord_voice-1.zip: 99%
2024-02-22T12:42:55.119Z [Modules] Streaming discord_voice@1 to /home/drako/.config/discord/0.0.43/modules/pending/discord_voice-1.zip: 100%
2024-02-22T12:42:55.121Z [Modules] Finished module downloads. [success: 5] [failure: 0]
2024-02-22T12:42:55.121Z [Modules] Installing updates...
2024-02-22T12:42:55.122Z [Modules] Installing discord_desktop_core@1 from /home/drako/.config/discord/0.0.43/modules/pending/discord_desktop_core-1.zip
2024-02-22T12:42:55.246Z [Modules] Installing discord_erlpack@1 from /home/drako/.config/discord/0.0.43/modules/pending/discord_erlpack-1.zip
2024-02-22T12:42:55.324Z [Modules] Installing discord_spellcheck@1 from /home/drako/.config/discord/0.0.43/modules/pending/discord_spellcheck-1.zip
2024-02-22T12:42:56.336Z [Modules] Installing discord_utils@1 from /home/drako/.config/discord/0.0.43/modules/pending/discord_utils-1.zip
2024-02-22T12:42:56.521Z [Modules] Installing discord_voice@1 from /home/drako/.config/discord/0.0.43/modules/pending/discord_voice-1.zip
2024-02-22T12:42:57.296Z [Modules] Finished module installations. [success: 5] [failure: 0]
2024-02-22T12:42:57.296Z [Modules] Checking for host updates.
2024-02-22T12:42:57.397Z [Modules] Host is up to date.
2024-02-22T12:42:57.397Z [Modules] Checking for module updates at https://discord.com/api/modules/stable/versions.json
2024-02-22T12:42:57.400Z [Modules] No module updates available.
2024-02-22T12:42:58.778Z [Modules] Starting to install discord_krisp...
2024-02-22T12:42:58.779Z [Modules] Fetching discord_krisp@1 from https://discord.com/api/modules/stable/discord_krisp/1
2024-02-22T12:42:58.779Z [Modules] Streaming discord_krisp@1 to /home/drako/.config/discord/0.0.43/modules/pending/discord_krisp-1.zip
2024-02-22T12:42:58.789Z [Modules] Starting to install discord_game_utils...
2024-02-22T12:42:58.913Z [Modules] Streaming discord_krisp@1 to /home/drako/.config/discord/0.0.43/modules/pending/discord_krisp-1.zip: 1%
2024-02-22T12:42:58.926Z [Modules] Streaming discord_krisp@1 to /home/drako/.config/discord/0.0.43/modules/pending/discord_krisp-1.zip: 2%
2024-02-22T12:42:58.927Z [Modules] Streaming discord_krisp@1 to /home/drako/.config/discord/0.0.43/modules/pending/discord_krisp-1.zip: 3%
2024-02-22T12:42:58.928Z [Modules] Streaming discord_krisp@1 to /home/drako/.config/discord/0.0.43/modules/pending/discord_krisp-1.zip: 4%
2024-02-22T12:42:58.931Z [Modules] Streaming discord_krisp@1 to /home/drako/.config/discord/0.0.43/modules/pending/discord_krisp-1.zip: 5%
2024-02-22T12:42:58.941Z [Modules] Streaming discord_krisp@1 to /home/drako/.config/discord/0.0.43/modules/pending/discord_krisp-1.zip: 6%
2024-02-22T12:42:58.943Z [Modules] Streaming discord_krisp@1 to /home/drako/.config/discord/0.0.43/modules/pending/discord_krisp-1.zip: 7%
2024-02-22T12:42:58.947Z [Modules] Streaming discord_krisp@1 to /home/drako/.config/discord/0.0.43/modules/pending/discord_krisp-1.zip: 8%
2024-02-22T12:42:58.954Z [Modules] Streaming discord_krisp@1 to /home/drako/.config/discord/0.0.43/modules/pending/discord_krisp-1.zip: 9%
2024-02-22T12:42:58.958Z [Modules] Streaming discord_krisp@1 to /home/drako/.config/discord/0.0.43/modules/pending/discord_krisp-1.zip: 10%
2024-02-22T12:42:58.962Z [Modules] Streaming discord_krisp@1 to /home/drako/.config/discord/0.0.43/modules/pending/discord_krisp-1.zip: 11%
2024-02-22T12:42:58.967Z [Modules] Streaming discord_krisp@1 to /home/drako/.config/discord/0.0.43/modules/pending/discord_krisp-1.zip: 12%
2024-02-22T12:42:58.971Z [Modules] Streaming discord_krisp@1 to /home/drako/.config/discord/0.0.43/modules/pending/discord_krisp-1.zip: 13%
2024-02-22T12:42:58.982Z [Modules] Streaming discord_krisp@1 to /home/drako/.config/discord/0.0.43/modules/pending/discord_krisp-1.zip: 14%
2024-02-22T12:42:58.984Z [Modules] Streaming discord_krisp@1 to /home/drako/.config/discord/0.0.43/modules/pending/discord_krisp-1.zip: 15%
2024-02-22T12:42:58.988Z [Modules] Streaming discord_krisp@1 to /home/drako/.config/discord/0.0.43/modules/pending/discord_krisp-1.zip: 16%
2024-02-22T12:42:58.993Z [Modules] Streaming discord_krisp@1 to /home/drako/.config/discord/0.0.43/modules/pending/discord_krisp-1.zip: 17%
2024-02-22T12:42:58.997Z [Modules] Streaming discord_krisp@1 to /home/drako/.config/discord/0.0.43/modules/pending/discord_krisp-1.zip: 18%
2024-02-22T12:42:59.001Z [Modules] Streaming discord_krisp@1 to /home/drako/.config/discord/0.0.43/modules/pending/discord_krisp-1.zip: 19%
2024-02-22T12:42:59.005Z [Modules] Streaming discord_krisp@1 to /home/drako/.config/discord/0.0.43/modules/pending/discord_krisp-1.zip: 20%
2024-02-22T12:42:59.008Z [Modules] Streaming discord_krisp@1 to /home/drako/.config/discord/0.0.43/modules/pending/discord_krisp-1.zip: 21%
2024-02-22T12:42:59.021Z [Modules] Streaming discord_krisp@1 to /home/drako/.config/discord/0.0.43/modules/pending/discord_krisp-1.zip: 22%
2024-02-22T12:42:59.026Z [Modules] Streaming discord_krisp@1 to /home/drako/.config/discord/0.0.43/modules/pending/discord_krisp-1.zip: 23%
2024-02-22T12:42:59.028Z [Modules] Streaming discord_krisp@1 to /home/drako/.config/discord/0.0.43/modules/pending/discord_krisp-1.zip: 24%
2024-02-22T12:42:59.036Z [Modules] Streaming discord_krisp@1 to /home/drako/.config/discord/0.0.43/modules/pending/discord_krisp-1.zip: 25%
2024-02-22T12:42:59.041Z [Modules] Streaming discord_krisp@1 to /home/drako/.config/discord/0.0.43/modules/pending/discord_krisp-1.zip: 26%
2024-02-22T12:42:59.053Z [Modules] Streaming discord_krisp@1 to /home/drako/.config/discord/0.0.43/modules/pending/discord_krisp-1.zip: 27%
2024-02-22T12:42:59.060Z [Modules] Streaming discord_krisp@1 to /home/drako/.config/discord/0.0.43/modules/pending/discord_krisp-1.zip: 28%
2024-02-22T12:42:59.061Z [Modules] Streaming discord_krisp@1 to /home/drako/.config/discord/0.0.43/modules/pending/discord_krisp-1.zip: 29%
2024-02-22T12:42:59.068Z [Modules] Streaming discord_krisp@1 to /home/drako/.config/discord/0.0.43/modules/pending/discord_krisp-1.zip: 30%
2024-02-22T12:42:59.071Z [Modules] Streaming discord_krisp@1 to /home/drako/.config/discord/0.0.43/modules/pending/discord_krisp-1.zip: 31%
2024-02-22T12:42:59.073Z [Modules] Streaming discord_krisp@1 to /home/drako/.config/discord/0.0.43/modules/pending/discord_krisp-1.zip: 32%
2024-02-22T12:42:59.077Z [Modules] Streaming discord_krisp@1 to /home/drako/.config/discord/0.0.43/modules/pending/discord_krisp-1.zip: 33%
2024-02-22T12:42:59.079Z [Modules] Streaming discord_krisp@1 to /home/drako/.config/discord/0.0.43/modules/pending/discord_krisp-1.zip: 34%
2024-02-22T12:42:59.083Z [Modules] Streaming discord_krisp@1 to /home/drako/.config/discord/0.0.43/modules/pending/discord_krisp-1.zip: 35%
2024-02-22T12:42:59.096Z [Modules] Streaming discord_krisp@1 to /home/drako/.config/discord/0.0.43/modules/pending/discord_krisp-1.zip: 36%
2024-02-22T12:42:59.098Z [Modules] Streaming discord_krisp@1 to /home/drako/.config/discord/0.0.43/modules/pending/discord_krisp-1.zip: 37%
2024-02-22T12:42:59.099Z [Modules] Streaming discord_krisp@1 to /home/drako/.config/discord/0.0.43/modules/pending/discord_krisp-1.zip: 38%
2024-02-22T12:42:59.118Z [Modules] Streaming discord_krisp@1 to /home/drako/.config/discord/0.0.43/modules/pending/discord_krisp-1.zip: 41%
2024-02-22T12:42:59.232Z [Modules] Streaming discord_krisp@1 to /home/drako/.config/discord/0.0.43/modules/pending/discord_krisp-1.zip: 42%
2024-02-22T12:42:59.251Z [Modules] Streaming discord_krisp@1 to /home/drako/.config/discord/0.0.43/modules/pending/discord_krisp-1.zip: 43%
2024-02-22T12:42:59.276Z [Modules] Streaming discord_krisp@1 to /home/drako/.config/discord/0.0.43/modules/pending/discord_krisp-1.zip: 44%
2024-02-22T12:42:59.285Z [Modules] Streaming discord_krisp@1 to /home/drako/.config/discord/0.0.43/modules/pending/discord_krisp-1.zip: 46%
2024-02-22T12:42:59.288Z [Modules] Streaming discord_krisp@1 to /home/drako/.config/discord/0.0.43/modules/pending/discord_krisp-1.zip: 47%
2024-02-22T12:42:59.305Z [Modules] Streaming discord_krisp@1 to /home/drako/.config/discord/0.0.43/modules/pending/discord_krisp-1.zip: 48%
2024-02-22T12:42:59.318Z [Modules] Streaming discord_krisp@1 to /home/drako/.config/discord/0.0.43/modules/pending/discord_krisp-1.zip: 49%
2024-02-22T12:42:59.320Z [Modules] Streaming discord_krisp@1 to /home/drako/.config/discord/0.0.43/modules/pending/discord_krisp-1.zip: 50%
2024-02-22T12:42:59.323Z [Modules] Streaming discord_krisp@1 to /home/drako/.config/discord/0.0.43/modules/pending/discord_krisp-1.zip: 51%
2024-02-22T12:42:59.324Z [Modules] Streaming discord_krisp@1 to /home/drako/.config/discord/0.0.43/modules/pending/discord_krisp-1.zip: 52%
2024-02-22T12:42:59.341Z [Modules] Streaming discord_krisp@1 to /home/drako/.config/discord/0.0.43/modules/pending/discord_krisp-1.zip: 53%
2024-02-22T12:42:59.351Z [Modules] Streaming discord_krisp@1 to /home/drako/.config/discord/0.0.43/modules/pending/discord_krisp-1.zip: 54%
2024-02-22T12:42:59.352Z [Modules] Streaming discord_krisp@1 to /home/drako/.config/discord/0.0.43/modules/pending/discord_krisp-1.zip: 55%
2024-02-22T12:42:59.353Z [Modules] Streaming discord_krisp@1 to /home/drako/.config/discord/0.0.43/modules/pending/discord_krisp-1.zip: 56%
2024-02-22T12:42:59.354Z [Modules] Streaming discord_krisp@1 to /home/drako/.config/discord/0.0.43/modules/pending/discord_krisp-1.zip: 57%
2024-02-22T12:42:59.355Z [Modules] Streaming discord_krisp@1 to /home/drako/.config/discord/0.0.43/modules/pending/discord_krisp-1.zip: 58%
2024-02-22T12:42:59.356Z [Modules] Streaming discord_krisp@1 to /home/drako/.config/discord/0.0.43/modules/pending/discord_krisp-1.zip: 59%
2024-02-22T12:42:59.357Z [Modules] Streaming discord_krisp@1 to /home/drako/.config/discord/0.0.43/modules/pending/discord_krisp-1.zip: 60%
2024-02-22T12:42:59.357Z [Modules] Streaming discord_krisp@1 to /home/drako/.config/discord/0.0.43/modules/pending/discord_krisp-1.zip: 61%
2024-02-22T12:42:59.358Z [Modules] Streaming discord_krisp@1 to /home/drako/.config/discord/0.0.43/modules/pending/discord_krisp-1.zip: 62%
2024-02-22T12:42:59.359Z [Modules] Streaming discord_krisp@1 to /home/drako/.config/discord/0.0.43/modules/pending/discord_krisp-1.zip: 63%
2024-02-22T12:42:59.360Z [Modules] Streaming discord_krisp@1 to /home/drako/.config/discord/0.0.43/modules/pending/discord_krisp-1.zip: 64%
2024-02-22T12:42:59.360Z [Modules] Streaming discord_krisp@1 to /home/drako/.config/discord/0.0.43/modules/pending/discord_krisp-1.zip: 65%
2024-02-22T12:42:59.361Z [Modules] Streaming discord_krisp@1 to /home/drako/.config/discord/0.0.43/modules/pending/discord_krisp-1.zip: 66%
2024-02-22T12:42:59.361Z [Modules] Streaming discord_krisp@1 to /home/drako/.config/discord/0.0.43/modules/pending/discord_krisp-1.zip: 67%
2024-02-22T12:42:59.362Z [Modules] Streaming discord_krisp@1 to /home/drako/.config/discord/0.0.43/modules/pending/discord_krisp-1.zip: 68%
2024-02-22T12:42:59.363Z [Modules] Streaming discord_krisp@1 to /home/drako/.config/discord/0.0.43/modules/pending/discord_krisp-1.zip: 69%
2024-02-22T12:42:59.363Z [Modules] Streaming discord_krisp@1 to /home/drako/.config/discord/0.0.43/modules/pending/discord_krisp-1.zip: 70%
2024-02-22T12:42:59.366Z [Modules] Streaming discord_krisp@1 to /home/drako/.config/discord/0.0.43/modules/pending/discord_krisp-1.zip: 71%
2024-02-22T12:42:59.372Z [Modules] Streaming discord_krisp@1 to /home/drako/.config/discord/0.0.43/modules/pending/discord_krisp-1.zip: 72%
2024-02-22T12:42:59.379Z [Modules] Streaming discord_krisp@1 to /home/drako/.config/discord/0.0.43/modules/pending/discord_krisp-1.zip: 73%
2024-02-22T12:42:59.390Z [Modules] Streaming discord_krisp@1 to /home/drako/.config/discord/0.0.43/modules/pending/discord_krisp-1.zip: 74%
2024-02-22T12:42:59.391Z [Modules] Streaming discord_krisp@1 to /home/drako/.config/discord/0.0.43/modules/pending/discord_krisp-1.zip: 75%
2024-02-22T12:42:59.399Z [Modules] Streaming discord_krisp@1 to /home/drako/.config/discord/0.0.43/modules/pending/discord_krisp-1.zip: 76%
2024-02-22T12:42:59.401Z [Modules] Streaming discord_krisp@1 to /home/drako/.config/discord/0.0.43/modules/pending/discord_krisp-1.zip: 77%
2024-02-22T12:42:59.405Z [Modules] Streaming discord_krisp@1 to /home/drako/.config/discord/0.0.43/modules/pending/discord_krisp-1.zip: 78%
2024-02-22T12:42:59.416Z [Modules] Streaming discord_krisp@1 to /home/drako/.config/discord/0.0.43/modules/pending/discord_krisp-1.zip: 79%
2024-02-22T12:42:59.416Z [Modules] Streaming discord_krisp@1 to /home/drako/.config/discord/0.0.43/modules/pending/discord_krisp-1.zip: 80%
2024-02-22T12:42:59.423Z [Modules] Streaming discord_krisp@1 to /home/drako/.config/discord/0.0.43/modules/pending/discord_krisp-1.zip: 81%
2024-02-22T12:42:59.427Z [Modules] Streaming discord_krisp@1 to /home/drako/.config/discord/0.0.43/modules/pending/discord_krisp-1.zip: 82%
2024-02-22T12:42:59.433Z [Modules] Streaming discord_krisp@1 to /home/drako/.config/discord/0.0.43/modules/pending/discord_krisp-1.zip: 83%
2024-02-22T12:42:59.438Z [Modules] Streaming discord_krisp@1 to /home/drako/.config/discord/0.0.43/modules/pending/discord_krisp-1.zip: 84%
2024-02-22T12:42:59.444Z [Modules] Streaming discord_krisp@1 to /home/drako/.config/discord/0.0.43/modules/pending/discord_krisp-1.zip: 85%
2024-02-22T12:42:59.458Z [Modules] Streaming discord_krisp@1 to /home/drako/.config/discord/0.0.43/modules/pending/discord_krisp-1.zip: 86%
2024-02-22T12:42:59.460Z [Modules] Streaming discord_krisp@1 to /home/drako/.config/discord/0.0.43/modules/pending/discord_krisp-1.zip: 87%
2024-02-22T12:42:59.469Z [Modules] Streaming discord_krisp@1 to /home/drako/.config/discord/0.0.43/modules/pending/discord_krisp-1.zip: 88%
2024-02-22T12:42:59.471Z [Modules] Streaming discord_krisp@1 to /home/drako/.config/discord/0.0.43/modules/pending/discord_krisp-1.zip: 89%
2024-02-22T12:42:59.472Z [Modules] Streaming discord_krisp@1 to /home/drako/.config/discord/0.0.43/modules/pending/discord_krisp-1.zip: 90%
2024-02-22T12:42:59.479Z [Modules] Streaming discord_krisp@1 to /home/drako/.config/discord/0.0.43/modules/pending/discord_krisp-1.zip: 91%
2024-02-22T12:42:59.482Z [Modules] Streaming discord_krisp@1 to /home/drako/.config/discord/0.0.43/modules/pending/discord_krisp-1.zip: 92%
2024-02-22T12:42:59.488Z [Modules] Streaming discord_krisp@1 to /home/drako/.config/discord/0.0.43/modules/pending/discord_krisp-1.zip: 93%
2024-02-22T12:42:59.498Z [Modules] Streaming discord_krisp@1 to /home/drako/.config/discord/0.0.43/modules/pending/discord_krisp-1.zip: 94%
2024-02-22T12:42:59.509Z [Modules] Streaming discord_krisp@1 to /home/drako/.config/discord/0.0.43/modules/pending/discord_krisp-1.zip: 95%
2024-02-22T12:42:59.516Z [Modules] Streaming discord_krisp@1 to /home/drako/.config/discord/0.0.43/modules/pending/discord_krisp-1.zip: 96%
2024-02-22T12:42:59.518Z [Modules] Streaming discord_krisp@1 to /home/drako/.config/discord/0.0.43/modules/pending/discord_krisp-1.zip: 97%
2024-02-22T12:42:59.519Z [Modules] Streaming discord_krisp@1 to /home/drako/.config/discord/0.0.43/modules/pending/discord_krisp-1.zip: 98%
2024-02-22T12:42:59.526Z [Modules] Streaming discord_krisp@1 to /home/drako/.config/discord/0.0.43/modules/pending/discord_krisp-1.zip: 99%
2024-02-22T12:42:59.531Z [Modules] Streaming discord_krisp@1 to /home/drako/.config/discord/0.0.43/modules/pending/discord_krisp-1.zip: 100%
2024-02-22T12:42:59.533Z [Modules] Fetching discord_game_utils@1 from https://discord.com/api/modules/stable/discord_game_utils/1
2024-02-22T12:42:59.533Z [Modules] Streaming discord_game_utils@1 to /home/drako/.config/discord/0.0.43/modules/pending/discord_game_utils-1.zip
2024-02-22T12:42:59.533Z [Modules] Installing discord_krisp@1 from /home/drako/.config/discord/0.0.43/modules/pending/discord_krisp-1.zip
2024-02-22T12:42:59.651Z [Modules] Streaming discord_game_utils@1 to /home/drako/.config/discord/0.0.43/modules/pending/discord_game_utils-1.zip: 2%
2024-02-22T12:42:59.652Z [Modules] Checking for host updates.
2024-02-22T12:42:59.652Z [Modules] Streaming discord_game_utils@1 to /home/drako/.config/discord/0.0.43/modules/pending/discord_game_utils-1.zip: 3%
2024-02-22T12:42:59.653Z [Modules] Streaming discord_game_utils@1 to /home/drako/.config/discord/0.0.43/modules/pending/discord_game_utils-1.zip: 5%
2024-02-22T12:42:59.654Z [Modules] Streaming discord_game_utils@1 to /home/drako/.config/discord/0.0.43/modules/pending/discord_game_utils-1.zip: 6%
2024-02-22T12:42:59.655Z [Modules] Streaming discord_game_utils@1 to /home/drako/.config/discord/0.0.43/modules/pending/discord_game_utils-1.zip: 9%
2024-02-22T12:42:59.657Z [Modules] Streaming discord_game_utils@1 to /home/drako/.config/discord/0.0.43/modules/pending/discord_game_utils-1.zip: 11%
2024-02-22T12:42:59.657Z [Modules] Streaming discord_game_utils@1 to /home/drako/.config/discord/0.0.43/modules/pending/discord_game_utils-1.zip: 12%
2024-02-22T12:42:59.658Z [Modules] Streaming discord_game_utils@1 to /home/drako/.config/discord/0.0.43/modules/pending/discord_game_utils-1.zip: 14%
2024-02-22T12:42:59.659Z [Modules] Streaming discord_game_utils@1 to /home/drako/.config/discord/0.0.43/modules/pending/discord_game_utils-1.zip: 16%
2024-02-22T12:42:59.661Z [Modules] Streaming discord_game_utils@1 to /home/drako/.config/discord/0.0.43/modules/pending/discord_game_utils-1.zip: 19%
2024-02-22T12:42:59.662Z [Modules] Streaming discord_game_utils@1 to /home/drako/.config/discord/0.0.43/modules/pending/discord_game_utils-1.zip: 21%
2024-02-22T12:42:59.664Z [Modules] Streaming discord_game_utils@1 to /home/drako/.config/discord/0.0.43/modules/pending/discord_game_utils-1.zip: 23%
2024-02-22T12:42:59.665Z [Modules] Streaming discord_game_utils@1 to /home/drako/.config/discord/0.0.43/modules/pending/discord_game_utils-1.zip: 25%
2024-02-22T12:42:59.666Z [Modules] Streaming discord_game_utils@1 to /home/drako/.config/discord/0.0.43/modules/pending/discord_game_utils-1.zip: 29%
2024-02-22T12:42:59.678Z [Modules] Streaming discord_game_utils@1 to /home/drako/.config/discord/0.0.43/modules/pending/discord_game_utils-1.zip: 38%
2024-02-22T12:42:59.682Z [Modules] Streaming discord_game_utils@1 to /home/drako/.config/discord/0.0.43/modules/pending/discord_game_utils-1.zip: 40%
2024-02-22T12:42:59.683Z [Modules] Streaming discord_game_utils@1 to /home/drako/.config/discord/0.0.43/modules/pending/discord_game_utils-1.zip: 44%
2024-02-22T12:42:59.684Z [Modules] Streaming discord_game_utils@1 to /home/drako/.config/discord/0.0.43/modules/pending/discord_game_utils-1.zip: 54%
2024-02-22T12:42:59.684Z [Modules] Streaming discord_game_utils@1 to /home/drako/.config/discord/0.0.43/modules/pending/discord_game_utils-1.zip: 62%
2024-02-22T12:42:59.686Z [Modules] Streaming discord_game_utils@1 to /home/drako/.config/discord/0.0.43/modules/pending/discord_game_utils-1.zip: 65%
2024-02-22T12:42:59.689Z [Modules] Streaming discord_game_utils@1 to /home/drako/.config/discord/0.0.43/modules/pending/discord_game_utils-1.zip: 72%
2024-02-22T12:42:59.690Z [Modules] Streaming discord_game_utils@1 to /home/drako/.config/discord/0.0.43/modules/pending/discord_game_utils-1.zip: 75%
2024-02-22T12:42:59.692Z [Modules] Streaming discord_game_utils@1 to /home/drako/.config/discord/0.0.43/modules/pending/discord_game_utils-1.zip: 78%
2024-02-22T12:42:59.693Z [Modules] Streaming discord_game_utils@1 to /home/drako/.config/discord/0.0.43/modules/pending/discord_game_utils-1.zip: 79%
2024-02-22T12:42:59.694Z [Modules] Streaming discord_game_utils@1 to /home/drako/.config/discord/0.0.43/modules/pending/discord_game_utils-1.zip: 82%
2024-02-22T12:42:59.694Z [Modules] Streaming discord_game_utils@1 to /home/drako/.config/discord/0.0.43/modules/pending/discord_game_utils-1.zip: 83%
2024-02-22T12:42:59.696Z [Modules] Streaming discord_game_utils@1 to /home/drako/.config/discord/0.0.43/modules/pending/discord_game_utils-1.zip: 86%
2024-02-22T12:42:59.696Z [Modules] Streaming discord_game_utils@1 to /home/drako/.config/discord/0.0.43/modules/pending/discord_game_utils-1.zip: 88%
2024-02-22T12:42:59.698Z [Modules] Streaming discord_game_utils@1 to /home/drako/.config/discord/0.0.43/modules/pending/discord_game_utils-1.zip: 90%
2024-02-22T12:42:59.698Z [Modules] Streaming discord_game_utils@1 to /home/drako/.config/discord/0.0.43/modules/pending/discord_game_utils-1.zip: 91%
2024-02-22T12:42:59.700Z [Modules] Streaming discord_game_utils@1 to /home/drako/.config/discord/0.0.43/modules/pending/discord_game_utils-1.zip: 93%
2024-02-22T12:42:59.700Z [Modules] Streaming discord_game_utils@1 to /home/drako/.config/discord/0.0.43/modules/pending/discord_game_utils-1.zip: 96%
2024-02-22T12:42:59.701Z [Modules] Streaming discord_game_utils@1 to /home/drako/.config/discord/0.0.43/modules/pending/discord_game_utils-1.zip: 99%
2024-02-22T12:42:59.701Z [Modules] Streaming discord_game_utils@1 to /home/drako/.config/discord/0.0.43/modules/pending/discord_game_utils-1.zip: 100%
2024-02-22T12:42:59.702Z [Modules] Finished module downloads. [success: 2] [failure: 0]
2024-02-22T12:42:59.766Z [Modules] Starting to install discord_rpc...
2024-02-22T12:42:59.766Z [Modules] Fetching discord_rpc@1 from https://discord.com/api/modules/stable/discord_rpc/1
2024-02-22T12:42:59.767Z [Modules] Streaming discord_rpc@1 to /home/drako/.config/discord/0.0.43/modules/pending/discord_rpc-1.zip
2024-02-22T12:42:59.769Z [Modules] Host is up to date.
2024-02-22T12:42:59.769Z [Modules] Checking for module updates at https://discord.com/api/modules/stable/versions.json
2024-02-22T12:42:59.775Z [Modules] No module updates available.
2024-02-22T12:42:59.883Z [Modules] Streaming discord_rpc@1 to /home/drako/.config/discord/0.0.43/modules/pending/discord_rpc-1.zip: 100%
2024-02-22T12:42:59.884Z [Modules] Finished module downloads. [success: 1] [failure: 0]
2024-02-22T12:43:00.131Z [Modules] Installing discord_game_utils@1 from /home/drako/.config/discord/0.0.43/modules/pending/discord_game_utils-1.zip
2024-02-22T12:43:00.235Z [Modules] Installing discord_rpc@1 from /home/drako/.config/discord/0.0.43/modules/pending/discord_rpc-1.zip
2024-02-22T12:43:00.256Z [Modules] Finished module installations. [success: 3] [failure: 0]
2024-02-22T12:53:50.787Z [Modules] Modules initializing
2024-02-22T12:53:50.787Z [Modules] Distribution: remote
2024-02-22T12:53:50.787Z [Modules] Host updates: enabled
2024-02-22T12:53:50.787Z [Modules] Module updates: enabled
2024-02-22T12:53:50.787Z [Modules] Module install path: /home/drako/.config/discord/0.0.43/modules
2024-02-22T12:53:50.787Z [Modules] Module installed file path: /home/drako/.config/discord/0.0.43/modules/installed.json
2024-02-22T12:53:50.787Z [Modules] Module download path: /home/drako/.config/discord/0.0.43/modules/pending
2024-02-22T12:53:51.011Z [Modules] No updates to install
2024-02-22T12:53:51.012Z [Modules] Checking for host updates.
2024-02-22T12:53:51.271Z [Modules] Host is up to date.
2024-02-22T12:53:51.272Z [Modules] Checking for module updates at https://discord.com/api/modules/stable/versions.json
2024-02-22T12:53:51.289Z [Modules] No module updates available.
2024-02-22T12:53:54.051Z [Modules] Checking for host updates.
2024-02-22T12:53:54.317Z [Modules] Host is up to date.
2024-02-22T12:53:54.317Z [Modules] Checking for module updates at https://discord.com/api/modules/stable/versions.json
2024-02-22T12:53:54.323Z [Modules] No module updates available.
2024-02-22T13:53:54.052Z [Modules] Checking for host updates.
2024-02-22T13:53:54.218Z [Modules] Host is up to date.
2024-02-22T13:53:54.219Z [Modules] Checking for module updates at https://discord.com/api/modules/stable/versions.json
2024-02-22T13:53:54.234Z [Modules] No module updates available.
2024-02-22T14:53:54.052Z [Modules] Checking for host updates.
2024-02-22T14:53:54.256Z [Modules] Host is up to date.
2024-02-22T14:53:54.256Z [Modules] Checking for module updates at https://discord.com/api/modules/stable/versions.json
2024-02-22T14:53:54.276Z [Modules] No module updates available.
2024-02-22T15:53:54.052Z [Modules] Checking for host updates.
2024-02-22T15:53:54.215Z [Modules] Host is up to date.
2024-02-22T15:53:54.215Z [Modules] Checking for module updates at https://discord.com/api/modules/stable/versions.json
2024-02-22T15:53:54.232Z [Modules] No module updates available.
2024-02-22T16:53:54.052Z [Modules] Checking for host updates.
2024-02-22T16:53:59.163Z [Modules] Host is up to date.
2024-02-22T16:53:59.163Z [Modules] Checking for module updates at https://discord.com/api/modules/stable/versions.json
2024-02-22T16:53:59.182Z [Modules] No module updates available.
2024-02-22T17:53:54.052Z [Modules] Checking for host updates.
2024-02-22T17:54:40.553Z [Modules] Host is up to date.
2024-02-22T17:54:40.553Z [Modules] Checking for module updates at https://discord.com/api/modules/stable/versions.json
2024-02-22T17:54:41.145Z [Modules] No module updates available.
2024-02-22T18:53:54.053Z [Modules] Checking for host updates.
2024-02-22T18:53:54.215Z [Modules] Host is up to date.
2024-02-22T18:53:54.215Z [Modules] Checking for module updates at https://discord.com/api/modules/stable/versions.json
2024-02-22T18:53:54.234Z [Modules] No module updates available.
2024-02-22T19:53:54.053Z [Modules] Checking for host updates.
2024-02-22T19:53:59.179Z [Modules] Host is up to date.
2024-02-22T19:53:59.180Z [Modules] Checking for module updates at https://discord.com/api/modules/stable/versions.json
2024-02-22T19:53:59.218Z [Modules] No module updates available.
